<?xml version="1.0" encoding="UTF-8"?>
<!-- Generated by org.testng.reporters.JUnitReportReporter -->
<testsuite hostname="temel" failures="0" tests="1" name="testCases.TestLogin_invalid" time="0.366" errors="0" timestamp="2022-03-29T01:25:27 TRT" skipped="0">
  <testcase classname="testCases.TestLogin_invalid" name="MavenParamTest" time="0.366"/>
  <system-out/>
</testsuite> <!-- testCases.TestLogin_invalid -->
